<?xml version="1.0" encoding="UTF-8"?>
<!-- Generated by org.testng.reporters.JUnitReportReporter -->
<testsuite skipped="0" hostname="jgarza-PC" name="com.accenture.tests.SendMessageTest" tests="1" failures="0" timestamp="14 Sep 2017 22:20:47 GMT" time="2.631" errors="0">
  <testcase name="sendMessage" time="2.631" classname="com.accenture.tests.SendMessageTest"/>
</testsuite> <!-- com.accenture.tests.SendMessageTest -->
