<?xml version="1.0" encoding="UTF-8"?>
<!-- Generated by org.testng.reporters.JUnitReportReporter -->
<testsuite hostname="MTYTM17CNDKX1" name="com.accenture.tests.RegisterUserTest" tests="1" failures="0" timestamp="14 Jun 2017 20:30:57 GMT" time="20.527" errors="0">
  <testcase name="registerUser" time="20.527" classname="com.accenture.tests.RegisterUserTest"/>
</testsuite> <!-- com.accenture.tests.RegisterUserTest -->
