<?xml version="1.0" encoding="UTF-8"?>
<!-- Generated by org.testng.reporters.JUnitReportReporter -->
<testsuite skipped="0" hostname="MTYTM17CNDKX1" name="com.accenture.tests.RegisterUserTest" tests="1" failures="0" timestamp="12 jun 2017 22:33:08 GMT" time="0.695" errors="0">
  <testcase name="registerUser" time="0.695" classname="com.accenture.tests.RegisterUserTest"/>
</testsuite> <!-- com.accenture.tests.RegisterUserTest -->
