<?xml version="1.0" encoding="UTF-8"?>
<!-- Generated by org.testng.reporters.JUnitReportReporter -->
<testsuite skipped="0" hostname="jgarza-PC" name="com.accenture.tests.RegisterUserTest" tests="1" failures="0" timestamp="11 Sep 2017 17:00:51 GMT" time="4.884" errors="0">
  <testcase name="registerUser" time="4.884" classname="com.accenture.tests.RegisterUserTest"/>
</testsuite> <!-- com.accenture.tests.RegisterUserTest -->
