<?xml version="1.0" encoding="UTF-8"?>
<!-- Generated by org.testng.reporters.JUnitReportReporter -->
<testsuite skipped="0" hostname="jgarza-PC" name="com.accenture.tests.SendMessageTest" tests="1" failures="0" timestamp="11 Sep 2017 17:00:51 GMT" time="1.418" errors="0">
  <testcase name="sendMessage" time="1.418" classname="com.accenture.tests.SendMessageTest"/>
</testsuite> <!-- com.accenture.tests.SendMessageTest -->
